<?xml version="1.0" encoding="UTF-8"?>
<testsuite xmlns:xsi="http://www.w3.org/2001/XMLSchema-instance" xsi:noNamespaceSchemaLocation="https://maven.apache.org/surefire/maven-surefire-plugin/xsd/surefire-test-report-3.0.xsd" version="3.0" name="com.mycompany.calculadora.CalculadoraTest" time="0.062" tests="6" errors="0" skipped="0" failures="0">
  <properties>
    <property name="java.specification.version" value="21"/>
    <property name="sun.cpu.isalist" value="amd64"/>
    <property name="sun.jnu.encoding" value="Cp1252"/>
    <property name="java.class.path" value="C:\Users\velas\Documents\NetBeansProjects\calculadora\target\test-classes;C:\Users\velas\Documents\NetBeansProjects\calculadora\target\classes;C:\Users\velas\.m2\repository\junit\junit\4.13.2\junit-4.13.2.jar;C:\Users\velas\.m2\repository\org\hamcrest\hamcrest-core\1.3\hamcrest-core-1.3.jar;C:\Users\velas\.m2\repository\org\hamcrest\hamcrest\2.2\hamcrest-2.2.jar;"/>
    <property name="java.vm.vendor" value="Eclipse Adoptium"/>
    <property name="sun.arch.data.model" value="64"/>
    <property name="user.variant" value=""/>
    <property name="java.vendor.url" value="https://adoptium.net/"/>
    <property name="user.timezone" value="America/Guatemala"/>
    <property name="os.name" value="Windows 11"/>
    <property name="java.vm.specification.version" value="21"/>
    <property name="sun.java.launcher" value="SUN_STANDARD"/>
    <property name="user.country" value="GT"/>
    <property name="sun.boot.library.path" value="C:\java\jdk-21.0.8+9\bin"/>
    <property name="sun.java.command" value="C:\Users\velas\AppData\Local\Temp\surefire4474850089787971118\surefirebooter-20250818222701819_3.jar C:\Users\velas\AppData\Local\Temp\surefire4474850089787971118 2025-08-18T22-26-59_333-jvmRun1 surefire-20250818222701819_1tmp surefire_0-20250818222701819_2tmp"/>
    <property name="jdk.debug" value="release"/>
    <property name="surefire.test.class.path" value="C:\Users\velas\Documents\NetBeansProjects\calculadora\target\test-classes;C:\Users\velas\Documents\NetBeansProjects\calculadora\target\classes;C:\Users\velas\.m2\repository\junit\junit\4.13.2\junit-4.13.2.jar;C:\Users\velas\.m2\repository\org\hamcrest\hamcrest-core\1.3\hamcrest-core-1.3.jar;C:\Users\velas\.m2\repository\org\hamcrest\hamcrest\2.2\hamcrest-2.2.jar;"/>
    <property name="sun.cpu.endian" value="little"/>
    <property name="user.home" value="C:\Users\velas"/>
    <property name="user.language" value="es"/>
    <property name="java.specification.vendor" value="Oracle Corporation"/>
    <property name="java.version.date" value="2025-07-15"/>
    <property name="java.home" value="C:\java\jdk-21.0.8+9"/>
    <property name="file.separator" value="\"/>
    <property name="basedir" value="C:\Users\velas\Documents\NetBeansProjects\calculadora"/>
    <property name="java.vm.compressedOopsMode" value="Zero based"/>
    <property name="line.separator" value="&#10;"/>
    <property name="java.vm.specification.vendor" value="Oracle Corporation"/>
    <property name="java.specification.name" value="Java Platform API Specification"/>
    <property name="surefire.real.class.path" value="C:\Users\velas\AppData\Local\Temp\surefire4474850089787971118\surefirebooter-20250818222701819_3.jar"/>
    <property name="user.script" value=""/>
    <property name="sun.management.compiler" value="HotSpot 64-Bit Tiered Compilers"/>
    <property name="java.runtime.version" value="21.0.8+9-LTS"/>
    <property name="user.name" value="velas"/>
    <property name="stdout.encoding" value="Cp1252"/>
    <property name="path.separator" value=";"/>
    <property name="os.version" value="10.0"/>
    <property name="java.runtime.name" value="OpenJDK Runtime Environment"/>
    <property name="file.encoding" value="UTF-8"/>
    <property name="java.vm.name" value="OpenJDK 64-Bit Server VM"/>
    <property name="java.vendor.version" value="Temurin-21.0.8+9"/>
    <property name="localRepository" value="C:\Users\velas\.m2\repository"/>
    <property name="java.vendor.url.bug" value="https://github.com/adoptium/adoptium-support/issues"/>
    <property name="java.io.tmpdir" value="C:\Users\velas\AppData\Local\Temp\"/>
    <property name="java.version" value="21.0.8"/>
    <property name="user.dir" value="C:\Users\velas\Documents\NetBeansProjects\calculadora"/>
    <property name="os.arch" value="amd64"/>
    <property name="java.vm.specification.name" value="Java Virtual Machine Specification"/>
    <property name="sun.os.patch.level" value=""/>
    <property name="native.encoding" value="Cp1252"/>
    <property name="java.library.path" value="C:\java\jdk-21.0.8+9\bin;C:\WINDOWS\Sun\Java\bin;C:\WINDOWS\system32;C:\WINDOWS;C:\java\jdk-21.0.8+9\bin;C:\Users\velas\Documents\Tareas U\Decimo ciclo\Aseguramineto de calidad\jdk-21.0.8+9\bin;C:\app\velas\product\21c\dbhomeXE\bin;C:\Users\velas\Desktop\Oracle\bin;C:\Program Files\Microsoft MPI\Bin\;C:\Program Files\Common Files\Oracle\Java\javapath;C:\Program Files (x86)\VMware\VMware Workstation\bin\;C:\WINDOWS\system32;C:\WINDOWS;C:\WINDOWS\System32\Wbem;C:\WINDOWS\System32\WindowsPowerShell\v1.0\;C:\WINDOWS\System32\OpenSSH\;C:\Program Files (x86)\Microsoft SQL Server\160\Tools\Binn\;C:\Program Files\Microsoft SQL Server\160\Tools\Binn\;C:\Program Files\Microsoft SQL Server\Client SDK\ODBC\170\Tools\Binn\;C:\Program Files\Microsoft SQL Server\160\DTS\Binn\;C:\Program Files (x86)\Microsoft SQL Server\160\DTS\Binn\;C:\Program Files\Azure Data Studio\bin;C:\Program Files (x86)\HP\Common\HPDestPlgIn\;C:\xampp\php;C:\Program Files\nodejs\;C:\composer;C:\Program Files\Git\cmd;C:\Program Files\dotnet\;C:\Users\velas\AppData\Local\Programs\Python\Python313\Scripts\;C:\Users\velas\AppData\Local\Programs\Python\Pytho;C:\Users\velas\AppData\Local\Programs\Python\Python313\Scripts\;C:\Users\velas\AppData\Local\Programs\Python\Python313\;C:\Users\velas\AppData\Local\Programs\Python\Launcher\;C:\Users\velas\AppData\Local\Microsoft\WindowsApps;C:\Program Files\Azure Data Studio\bin;C:\Program Files (x86)\HP\Common\HPDestPlgIn\;C:\Users\velas\AppData\Local\Programs\Microsoft VS Code\bin;C:\Program Files\nodejs;C:\Users\velas\AppData\Roaming\npm;C:\Users\velas\AppData\Roaming\Composer\vendor\bin;C:\Users\velas\AppData\Local\GitHubDesktop\bin;;."/>
    <property name="java.vm.info" value="mixed mode, sharing"/>
    <property name="stderr.encoding" value="Cp1252"/>
    <property name="java.vendor" value="Eclipse Adoptium"/>
    <property name="java.vm.version" value="21.0.8+9-LTS"/>
    <property name="sun.io.unicode.encoding" value="UnicodeLittle"/>
    <property name="java.class.version" value="65.0"/>
  </properties>
  <testcase name="testSumar" classname="com.mycompany.calculadora.CalculadoraTest" time="0.003"/>
  <testcase name="testMultiplicar" classname="com.mycompany.calculadora.CalculadoraTest" time="0.0"/>
  <testcase name="testDividirPorCero" classname="com.mycompany.calculadora.CalculadoraTest" time="0.0"/>
  <testcase name="testPromedioEHistorial" classname="com.mycompany.calculadora.CalculadoraTest" time="0.0"/>
  <testcase name="testDividir" classname="com.mycompany.calculadora.CalculadoraTest" time="0.0"/>
  <testcase name="testRestar" classname="com.mycompany.calculadora.CalculadoraTest" time="0.0"/>
</testsuite>